gplink-0.14.1 (Jan 11 2012)
Copyright (c) 1998-2011 gputils project
Listing File Generated: 3-20-2012  09:33:15
 
 
Address  Value    Disassembly              Source
-------  -----    -----------              ------
                                           ;--------------------------------------------------------
                                           ; File Created by SDCC : free open source ANSI-C Compiler
                                           ; Version 2.9.4 #5595 (Mar 13 2012) (UNIX)
                                           ; This file was generated Tue Mar 20 09:33:15 2012
                                           ;--------------------------------------------------------
                                           ; PIC16 port for the Microchip 16-bit core micros
                                           ;--------------------------------------------------------
                                           	list	p=18f97j60
                                           
                                           	radix dec
                                           
                                           ;--------------------------------------------------------
                                           ; public variables in this module
                                           ;--------------------------------------------------------
                                           	global _delay_1ms
                                           	global _delay_ms
                                           	global _init_board
                                           	global _main
                                           
                                           ;--------------------------------------------------------
                                           ; extern variables in this module
                                           ;--------------------------------------------------------
                                           	extern _EBSTCONbits
                                           	extern _MISTATbits
                                           	extern _EFLOCONbits
                                           	extern _MACON1bits
                                           	extern _MACON2bits
                                           	extern _MACON3bits
                                           	extern _MACON4bits
                                           	extern _MACLCON1bits
                                           	extern _MACLCON2bits
                                           	extern _MICONbits
                                           	extern _MICMDbits
                                           	extern _EWOLIEbits
                                           	extern _EWOLIRbits
                                           	extern _ERXFCONbits
                                           	extern _EIEbits
                                           	extern _ESTATbits
                                           	extern _ECON2bits
                                           	extern _EIRbits
                                           	extern _EDATAbits
                                           	extern _SSP2CON2bits
                                           	extern _SSP2CON1bits
                                           	extern _SSP2STATbits
                                           	extern _ECCP2DELbits
                                           	extern _ECCP2ASbits
                                           	extern _ECCP3DELbits
                                           	extern _ECCP3ASbits
                                           	extern _RCSTA2bits
                                           	extern _TXSTA2bits
                                           	extern _CCP5CONbits
                                           	extern _CCP4CONbits
                                           	extern _T4CONbits
                                           	extern _ECCP1DELbits
                                           	extern _BAUDCON2bits
                                           	extern _BAUDCTL2bits
                                           	extern _BAUDCONbits
                                           	extern _BAUDCON1bits
                                           	extern _BAUDCTLbits
                                           	extern _BAUDCTL1bits
                                           	extern _PORTAbits
                                           	extern _PORTBbits
                                           	extern _PORTCbits
                                           	extern _PORTDbits
                                           	extern _PORTEbits
                                           	extern _PORTFbits
                                           	extern _PORTGbits
                                           	extern _PORTHbits
                                           	extern _PORTJbits
                                           	extern _LATAbits
                                           	extern _LATBbits
                                           	extern _LATCbits
                                           	extern _LATDbits
                                           	extern _LATEbits
                                           	extern _LATFbits
                                           	extern _LATGbits
                                           	extern _LATHbits
                                           	extern _LATJbits
                                           	extern _DDRAbits
                                           	extern _TRISAbits
                                           	extern _DDRBbits
                                           	extern _TRISBbits
                                           	extern _DDRCbits
                                           	extern _TRISCbits
                                           	extern _DDRDbits
                                           	extern _TRISDbits
                                           	extern _DDREbits
                                           	extern _TRISEbits
                                           	extern _DDRFbits
                                           	extern _TRISFbits
                                           	extern _DDRGbits
                                           	extern _TRISGbits
                                           	extern _DDRHbits
                                           	extern _TRISHbits
                                           	extern _DDRJbits
                                           	extern _TRISJbits
                                           	extern _OSCTUNEbits
                                           	extern _MEMCONbits
                                           	extern _PIE1bits
                                           	extern _PIR1bits
                                           	extern _IPR1bits
                                           	extern _PIE2bits
                                           	extern _PIR2bits
                                           	extern _IPR2bits
                                           	extern _PIE3bits
                                           	extern _PIR3bits
                                           	extern _IPR3bits
                                           	extern _EECON1bits
                                           	extern _RCSTAbits
                                           	extern _RCSTA1bits
                                           	extern _TXSTAbits
                                           	extern _TXSTA1bits
                                           	extern _PSPCONbits
                                           	extern _T3CONbits
                                           	extern _CMCONbits
                                           	extern _CVRCONbits
                                           	extern _ECCP1ASbits
                                           	extern _CCP3CONbits
                                           	extern _ECCP3CONbits
                                           	extern _CCP2CONbits
                                           	extern _ECCP2CONbits
                                           	extern _CCP1CONbits
                                           	extern _ECCP1CONbits
                                           	extern _ADCON2bits
                                           	extern _ADCON1bits
                                           	extern _ADCON0bits
                                           	extern _SSP1CON2bits
                                           	extern _SSPCON2bits
                                           	extern _SSP1CON1bits
                                           	extern _SSPCON1bits
                                           	extern _SSP1STATbits
                                           	extern _SSPSTATbits
                                           	extern _T2CONbits
                                           	extern _T1CONbits
                                           	extern _RCONbits
                                           	extern _WDTCONbits
                                           	extern _ECON1bits
                                           	extern _OSCCONbits
                                           	extern _T0CONbits
                                           	extern _STATUSbits
                                           	extern _INTCON3bits
                                           	extern _INTCON2bits
                                           	extern _INTCONbits
                                           	extern _STKPTRbits
                                           	extern _MAADR5
                                           	extern _MAADR6
                                           	extern _MAADR3
                                           	extern _MAADR4
                                           	extern _MAADR1
                                           	extern _MAADR2
                                           	extern _EBSTSD
                                           	extern _EBSTCON
                                           	extern _EBSTCS
                                           	extern _EBSTCSL
                                           	extern _EBSTCSH
                                           	extern _MISTAT
                                           	extern _EFLOCON
                                           	extern _EPAUS
                                           	extern _EPAUSL
                                           	extern _EPAUSH
                                           	extern _MACON1
                                           	extern _MACON2
                                           	extern _MACON3
                                           	extern _MACON4
                                           	extern _MABBIPG
                                           	extern _MAIPG
                                           	extern _MAIPGL
                                           	extern _MAIPGH
                                           	extern _MACLCON1
                                           	extern _MACLCON2
                                           	extern _MAMXFL
                                           	extern _MAMXFLL
                                           	extern _MAMXFLH
                                           	extern _MICON
                                           	extern _MICMD
                                           	extern _MIREGADR
                                           	extern _MIWR
                                           	extern _MIWRL
                                           	extern _MIWRH
                                           	extern _MIRD
                                           	extern _MIRDL
                                           	extern _MIRDH
                                           	extern _EHT0
                                           	extern _EHT1
                                           	extern _EHT2
                                           	extern _EHT3
                                           	extern _EHT4
                                           	extern _EHT5
                                           	extern _EHT6
                                           	extern _EHT7
                                           	extern _EPMM0
                                           	extern _EPMM1
                                           	extern _EPMM2
                                           	extern _EPMM3
                                           	extern _EPMM4
                                           	extern _EPMM5
                                           	extern _EPMM6
                                           	extern _EPMM7
                                           	extern _EPMCS
                                           	extern _EPMCSL
                                           	extern _EPMCSH
                                           	extern _EPMO
                                           	extern _EPMOL
                                           	extern _EPMOH
                                           	extern _EWOLIE
                                           	extern _EWOLIR
                                           	extern _ERXFCON
                                           	extern _EPKTCNT
                                           	extern _EWRPT
                                           	extern _EWRPTL
                                           	extern _EWRPTH
                                           	extern _ETXST
                                           	extern _ETXSTL
                                           	extern _ETXSTH
                                           	extern _ETXND
                                           	extern _ETXNDL
                                           	extern _ETXNDH
                                           	extern _ERXST
                                           	extern _ERXSTL
                                           	extern _ERXSTH
                                           	extern _ERXND
                                           	extern _ERXNDL
                                           	extern _ERXNDH
                                           	extern _ERXRDPT
                                           	extern _ERXRDPTL
                                           	extern _ERXRDPTH
                                           	extern _ERXWRPT
                                           	extern _ERXWRPTL
                                           	extern _ERXWRPTH
                                           	extern _EDMAST
                                           	extern _EDMASTL
                                           	extern _EDMASTH
                                           	extern _EDMAND
                                           	extern _EDMANDL
                                           	extern _EDMANDH
                                           	extern _EDMADST
                                           	extern _EDMADSTL
                                           	extern _EDMADSTH
                                           	extern _EDMACS
                                           	extern _EDMACSL
                                           	extern _EDMACSH
                                           	extern _EIE
                                           	extern _ESTAT
                                           	extern _ECON2
                                           	extern _EIR
                                           	extern _EDATA
                                           	extern _SSP2CON2
                                           	extern _SSP2CON1
                                           	extern _SSP2STAT
                                           	extern _SSP2ADD
                                           	extern _SSP2BUF
                                           	extern _ECCP2DEL
                                           	extern _ECCP2AS
                                           	extern _ECCP3DEL
                                           	extern _ECCP3AS
                                           	extern _RCSTA2
                                           	extern _TXSTA2
                                           	extern _TXREG2
                                           	extern _RCREG2
                                           	extern _SPBRG2
                                           	extern _CCP5CON
                                           	extern _CCPR5
                                           	extern _CCPR5L
                                           	extern _CCPR5H
                                           	extern _CCP4CON
                                           	extern _CCPR4
                                           	extern _CCPR4L
                                           	extern _CCPR4H
                                           	extern _T4CON
                                           	extern _PR4
                                           	extern _TMR4
                                           	extern _ECCP1DEL
                                           	extern _ERDPT
                                           	extern _ERDPTL
                                           	extern _ERDPTH
                                           	extern _BAUDCON2
                                           	extern _BAUDCTL2
                                           	extern _SPBRGH2
                                           	extern _BAUDCON
                                           	extern _BAUDCON1
                                           	extern _BAUDCTL
                                           	extern _BAUDCTL1
                                           	extern _SPBRGH
                                           	extern _SPBRGH1
                                           	extern _PORTA
                                           	extern _PORTB
                                           	extern _PORTC
                                           	extern _PORTD
                                           	extern _PORTE
                                           	extern _PORTF
                                           	extern _PORTG
                                           	extern _PORTH
                                           	extern _PORTJ
                                           	extern _LATA
                                           	extern _LATB
                                           	extern _LATC
                                           	extern _LATD
                                           	extern _LATE
                                           	extern _LATF
                                           	extern _LATG
                                           	extern _LATH
                                           	extern _LATJ
                                           	extern _DDRA
                                           	extern _TRISA
                                           	extern _DDRB
                                           	extern _TRISB
                                           	extern _DDRC
                                           	extern _TRISC
                                           	extern _DDRD
                                           	extern _TRISD
                                           	extern _DDRE
                                           	extern _TRISE
                                           	extern _DDRF
                                           	extern _TRISF
                                           	extern _DDRG
                                           	extern _TRISG
                                           	extern _DDRH
                                           	extern _TRISH
                                           	extern _DDRJ
                                           	extern _TRISJ
                                           	extern _OSCTUNE
                                           	extern _MEMCON
                                           	extern _PIE1
                                           	extern _PIR1
                                           	extern _IPR1
                                           	extern _PIE2
                                           	extern _PIR2
                                           	extern _IPR2
                                           	extern _PIE3
                                           	extern _PIR3
                                           	extern _IPR3
                                           	extern _EECON1
                                           	extern _EECON2
                                           	extern _RCSTA
                                           	extern _RCSTA1
                                           	extern _TXSTA
                                           	extern _TXSTA1
                                           	extern _TXREG
                                           	extern _TXREG1
                                           	extern _RCREG
                                           	extern _RCREG1
                                           	extern _SPBRG
                                           	extern _SPBRG1
                                           	extern _PSPCON
                                           	extern _T3CON
                                           	extern _TMR3L
                                           	extern _TMR3H
                                           	extern _CMCON
                                           	extern _CVRCON
                                           	extern _ECCP1AS
                                           	extern _CCP3CON
                                           	extern _ECCP3CON
                                           	extern _CCPR3
                                           	extern _CCPR3L
                                           	extern _CCPR3H
                                           	extern _CCP2CON
                                           	extern _ECCP2CON
                                           	extern _CCPR2
                                           	extern _CCPR2L
                                           	extern _CCPR2H
                                           	extern _CCP1CON
                                           	extern _ECCP1CON
                                           	extern _CCPR1
                                           	extern _CCPR1L
                                           	extern _CCPR1H
                                           	extern _ADCON2
                                           	extern _ADCON1
                                           	extern _ADCON0
                                           	extern _ADRES
                                           	extern _ADRESL
                                           	extern _ADRESH
                                           	extern _SSP1CON2
                                           	extern _SSPCON2
                                           	extern _SSP1CON1
                                           	extern _SSPCON1
                                           	extern _SSP1STAT
                                           	extern _SSPSTAT
                                           	extern _SSP1ADD
                                           	extern _SSPADD
                                           	extern _SSP1BUF
                                           	extern _SSPBUF
                                           	extern _T2CON
                                           	extern _PR2
                                           	extern _TMR2
                                           	extern _T1CON
                                           	extern _TMR1L
                                           	extern _TMR1H
                                           	extern _RCON
                                           	extern _WDTCON
                                           	extern _ECON1
                                           	extern _OSCCON
                                           	extern _T0CON
                                           	extern _TMR0L
                                           	extern _TMR0H
                                           	extern _STATUS
                                           	extern _FSR2L
                                           	extern _FSR2H
                                           	extern _PLUSW2
                                           	extern _PREINC2
                                           	extern _POSTDEC2
                                           	extern _POSTINC2
                                           	extern _INDF2
                                           	extern _BSR
                                           	extern _FSR1L
                                           	extern _FSR1H
                                           	extern _PLUSW1
                                           	extern _PREINC1
                                           	extern _POSTDEC1
                                           	extern _POSTINC1
                                           	extern _INDF1
                                           	extern _WREG
                                           	extern _FSR0L
                                           	extern _FSR0H
                                           	extern _PLUSW0
                                           	extern _PREINC0
                                           	extern _POSTDEC0
                                           	extern _POSTINC0
                                           	extern _INDF0
                                           	extern _INTCON3
                                           	extern _INTCON2
                                           	extern _INTCON
                                           	extern _PROD
                                           	extern _PRODL
                                           	extern _PRODH
                                           	extern _TABLAT
                                           	extern _TBLPTR
                                           	extern _TBLPTRL
                                           	extern _TBLPTRH
                                           	extern _TBLPTRU
                                           	extern _PC
                                           	extern _PCL
                                           	extern _PCLATH
                                           	extern _PCLATU
                                           	extern _STKPTR
                                           	extern _TOS
                                           	extern _TOSL
                                           	extern _TOSH
                                           	extern _TOSU
                                           ;--------------------------------------------------------
                                           ;	Equates to used internal registers
                                           ;--------------------------------------------------------
                                           STATUS	equ	0xfd8
                                           WREG	equ	0xfe8
                                           FSR1L	equ	0xfe1
                                           FSR2L	equ	0xfd9
                                           POSTDEC1	equ	0xfe5
                                           PREINC1	equ	0xfe4
                                           PLUSW2	equ	0xfdb
                                           PRODH	equ	0xff4
                                           
                                           
                                           ; Internal registers
                                           .registers	udata_ovr	0x0000
                                           r0x00	res	1
                                           r0x01	res	1
                                           r0x02	res	1
                                           r0x03	res	1
                                           
                                           ;--------------------------------------------------------
                                           ; interrupt vector 
                                           ;--------------------------------------------------------
                                           
                                           ;--------------------------------------------------------
                                           ; global & static initialisations
                                           ;--------------------------------------------------------
                                           ; I code from now on!
                                           ; ; Starting pCode block
                                           S_led__main	code
                                           _main:
                                           ;	.line	37; led.c	init_board();
0000f2   ecc1     call    0x182, 0         	CALL	_init_board
0000f4   f000
                                           ;	.line	38; led.c	LATJbits.LATJ0=1; // switch LED on
0000f6   8091     bsf     0x91, 0, 0       	BSF	_LATJbits, 0
                                           ;	.line	39; led.c	LATJbits.LATJ1=0; // switch LED off
0000f8   9291     bcf     0x91, 0x1, 0     	BCF	_LATJbits, 1
                                           _00127_DS_:
                                           ;	.line	41; led.c	delay_ms(1000);
0000fa   0e03     movlw   0x3              	MOVLW	0x03
0000fc   6ee5     movwf   0xe5, 0          	MOVWF	POSTDEC1
0000fe   0ee8     movlw   0xe8             	MOVLW	0xe8
000100   6ee5     movwf   0xe5, 0          	MOVWF	POSTDEC1
000102   ec4e     call    0x9c, 0          	CALL	_delay_ms
000104   f000
000106   0e02     movlw   0x2              	MOVLW	0x02
000108   26e1     addwf   0xe1, 0x1, 0     	ADDWF	FSR1L, F
                                           ;	.line	42; led.c	LATJbits.LATJ0^=1; // toggle LED
00010a   6a00     clrf    0, 0             	CLRF	r0x00
00010c   b091     btfsc   0x91, 0, 0       	BTFSC	_LATJbits, 0
00010e   2a00     incf    0, 0x1, 0        	INCF	r0x00, F
000110   0e01     movlw   0x1              	MOVLW	0x01
000112   1a00     xorwf   0, 0x1, 0        	XORWF	r0x00, F
000114   5000     movf    0, 0, 0          	MOVF	r0x00, W
000116   0b01     andlw   0x1              	ANDLW	0x01
000118   6ef4     movwf   0xf4, 0          	MOVWF	PRODH
00011a   5091     movf    0x91, 0, 0       	MOVF	_LATJbits, W
00011c   0bfe     andlw   0xfe             	ANDLW	0xfe
00011e   10f4     iorwf   0xf4, 0, 0       	IORWF	PRODH, W
000120   6e91     movwf   0x91, 0          	MOVWF	_LATJbits
                                           ;	.line	43; led.c	LATJbits.LATJ1^=1; // toggle LED
000122   6a00     clrf    0, 0             	CLRF	r0x00
000124   b291     btfsc   0x91, 0x1, 0     	BTFSC	_LATJbits, 1
000126   2a00     incf    0, 0x1, 0        	INCF	r0x00, F
000128   0e01     movlw   0x1              	MOVLW	0x01
00012a   1a00     xorwf   0, 0x1, 0        	XORWF	r0x00, F
00012c   5000     movf    0, 0, 0          	MOVF	r0x00, W
00012e   0b01     andlw   0x1              	ANDLW	0x01
000130   44e8     rlncf   0xe8, 0, 0       	RLNCF	WREG, W
000132   6ef4     movwf   0xf4, 0          	MOVWF	PRODH
000134   5091     movf    0x91, 0, 0       	MOVF	_LATJbits, W
000136   0bfd     andlw   0xfd             	ANDLW	0xfd
000138   10f4     iorwf   0xf4, 0, 0       	IORWF	PRODH, W
00013a   6e91     movwf   0x91, 0          	MOVWF	_LATJbits
00013c   d7de     bra     0xfa             	BRA	_00127_DS_
00013e   0012     return  0                	RETURN	
                                           
                                           ; ; Starting pCode block
                                           S_led__init_board	code
                                           _init_board:
                                           ;	.line	31; led.c	void init_board(void) {
000182   cfd9     movff   0xfd9, 0xfe5     	MOVFF	FSR2L, POSTDEC1
000184   ffe5
000186   cfe1     movff   0xfe1, 0xfd9     	MOVFF	FSR1L, FSR2L
000188   ffd9
                                           ;	.line	32; led.c	TRISJbits.TRISJ0=0; // configure PORTJ0 for output (LED)
00018a   909a     bcf     0x9a, 0, 0       	BCF	_TRISJbits, 0
                                           ;	.line	33; led.c	TRISJbits.TRISJ1=0; // configure PORTJ1 for output (LED)
00018c   929a     bcf     0x9a, 0x1, 0     	BCF	_TRISJbits, 1
00018e   cfe4     movff   0xfe4, 0xfd9     	MOVFF	PREINC1, FSR2L
000190   ffd9
000192   0012     return  0                	RETURN	
                                           
                                           ; ; Starting pCode block
                                           S_led__delay_ms	code
                                           _delay_ms:
                                           ;	.line	24; led.c	void delay_ms(unsigned int ms) {
00009c   cfd9     movff   0xfd9, 0xfe5     	MOVFF	FSR2L, POSTDEC1
00009e   ffe5
0000a0   cfe1     movff   0xfe1, 0xfd9     	MOVFF	FSR1L, FSR2L
0000a2   ffd9
0000a4   c000     movff   0, 0xfe5         	MOVFF	r0x00, POSTDEC1
0000a6   ffe5
0000a8   c001     movff   0x1, 0xfe5       	MOVFF	r0x01, POSTDEC1
0000aa   ffe5
0000ac   c002     movff   0x2, 0xfe5       	MOVFF	r0x02, POSTDEC1
0000ae   ffe5
0000b0   c003     movff   0x3, 0xfe5       	MOVFF	r0x03, POSTDEC1
0000b2   ffe5
0000b4   0e02     movlw   0x2              	MOVLW	0x02
0000b6   cfdb     movff   0xfdb, 0         	MOVFF	PLUSW2, r0x00
0000b8   f000
0000ba   0e03     movlw   0x3              	MOVLW	0x03
0000bc   cfdb     movff   0xfdb, 0x1       	MOVFF	PLUSW2, r0x01
0000be   f001
                                           _00113_DS_:
                                           ;	.line	25; led.c	while (ms--) {
0000c0   c000     movff   0, 0x2           	MOVFF	r0x00, r0x02
0000c2   f002
0000c4   c001     movff   0x1, 0x3         	MOVFF	r0x01, r0x03
0000c6   f003
0000c8   0eff     movlw   0xff             	MOVLW	0xff
0000ca   2600     addwf   0, 0x1, 0        	ADDWF	r0x00, F
0000cc   a0d8     btfss   0xd8, 0, 0       	BTFSS	STATUS, 0
0000ce   0601     decf    0x1, 0x1, 0      	DECF	r0x01, F
0000d0   5002     movf    0x2, 0, 0        	MOVF	r0x02, W
0000d2   1003     iorwf   0x3, 0, 0        	IORWF	r0x03, W
0000d4   e003     bz      0xdc             	BZ	_00116_DS_
                                           ;	.line	26; led.c	delay_1ms();
0000d6   eca0     call    0x140, 0         	CALL	_delay_1ms
0000d8   f000
0000da   d7f2     bra     0xc0             	BRA	_00113_DS_
                                           _00116_DS_:
0000dc   cfe4     movff   0xfe4, 0x3       	MOVFF	PREINC1, r0x03
0000de   f003
0000e0   cfe4     movff   0xfe4, 0x2       	MOVFF	PREINC1, r0x02
0000e2   f002
0000e4   cfe4     movff   0xfe4, 0x1       	MOVFF	PREINC1, r0x01
0000e6   f001
0000e8   cfe4     movff   0xfe4, 0         	MOVFF	PREINC1, r0x00
0000ea   f000
0000ec   cfe4     movff   0xfe4, 0xfd9     	MOVFF	PREINC1, FSR2L
0000ee   ffd9
0000f0   0012     return  0                	RETURN	
                                           
                                           ; ; Starting pCode block
                                           S_led__delay_1ms	code
                                           _delay_1ms:
                                           ;	.line	9; led.c	void delay_1ms(void) {
000140   cfd9     movff   0xfd9, 0xfe5     	MOVFF	FSR2L, POSTDEC1
000142   ffe5
000144   cfe1     movff   0xfe1, 0xfd9     	MOVFF	FSR1L, FSR2L
000146   ffd9
                                           ;	.line	10; led.c	TMR0H=(0x10000-EXEC_FREQ/1000)>>8;
000148   0ed8     movlw   0xd8             	MOVLW	0xd8
00014a   6ed7     movwf   0xd7, 0          	MOVWF	_TMR0H
                                           ;	.line	11; led.c	TMR0L=(0x10000-EXEC_FREQ/1000)&0xff;
00014c   0ef0     movlw   0xf0             	MOVLW	0xf0
00014e   6ed6     movwf   0xd6, 0          	MOVWF	_TMR0L
                                           ;	.line	12; led.c	T0CONbits.TMR0ON=0; // disable timer0
000150   9ed5     bcf     0xd5, 0x7, 0     	BCF	_T0CONbits, 7
                                           ;	.line	13; led.c	T0CONbits.T08BIT=0; // use timer0 16-bit counter
000152   9cd5     bcf     0xd5, 0x6, 0     	BCF	_T0CONbits, 6
                                           ;	.line	14; led.c	T0CONbits.T0CS=0; // use timer0 instruction cycle clock
000154   9ad5     bcf     0xd5, 0x5, 0     	BCF	_T0CONbits, 5
                                           ;	.line	15; led.c	T0CONbits.PSA=1; // disable timer0 prescaler
000156   86d5     bsf     0xd5, 0x3, 0     	BSF	_T0CONbits, 3
                                           ;	.line	16; led.c	INTCONbits.T0IF=0; // clear timer0 overflow bit
000158   94f2     bcf     0xf2, 0x2, 0     	BCF	_INTCONbits, 2
                                           ;	.line	17; led.c	T0CONbits.TMR0ON=1; // enable timer0
00015a   8ed5     bsf     0xd5, 0x7, 0     	BSF	_T0CONbits, 7
                                           _00105_DS_:
                                           ;	.line	18; led.c	while (!INTCONbits.T0IF) {} // wait for timer0 overflow
00015c   a4f2     btfss   0xf2, 0x2, 0     	BTFSS	_INTCONbits, 2
00015e   d7fe     bra     0x15c            	BRA	_00105_DS_
                                           ;	.line	19; led.c	INTCONbits.T0IF=0; // clear timer0 overflow bit
000160   94f2     bcf     0xf2, 0x2, 0     	BCF	_INTCONbits, 2
                                           ;	.line	20; led.c	T0CONbits.TMR0ON=0; // disable timer0
000162   9ed5     bcf     0xd5, 0x7, 0     	BCF	_T0CONbits, 7
000164   cfe4     movff   0xfe4, 0xfd9     	MOVFF	PREINC1, FSR2L
000166   ffd9
000168   0012     return  0                	RETURN	
                                           
                                           
                                           
                                           ; Statistics:
                                           ; code size:	  224 (0x00e0) bytes ( 0.17%)
                                           ;           	  112 (0x0070) words
                                           ; udata size:	    0 (0x0000) bytes ( 0.00%)
                                           ; access size:	    4 (0x0004) bytes
                                           
                                           
                                           	end
